12-20 14:36:52 com_github_MitjaNemec_ReplicateLayout.action_replicate_layout 392:Plugin executed on: 'win32'
12-20 14:36:52 com_github_MitjaNemec_ReplicateLayout.action_replicate_layout 393:Plugin executed with python version: '3.11.5 (main, Aug 14 2024, 05:26:19) [MSC v.1939 64 bit (AMD64)]'
12-20 14:36:52 com_github_MitjaNemec_ReplicateLayout.action_replicate_layout 394:KiCad build version: 8.0.6
12-20 14:36:52 com_github_MitjaNemec_ReplicateLayout.action_replicate_layout 395:Plugin version: 3.0.3
12-20 14:36:52 com_github_MitjaNemec_ReplicateLayout.action_replicate_layout 396:Frame repr: <wx._core.Frame object at 0x0000025C2E7FBAC0>
12-20 14:36:52 com_github_MitjaNemec_ReplicateLayout.action_replicate_layout 420:Preparing replicator with J5 as a reference
12-20 14:36:52 com_github_MitjaNemec_ReplicateLayout.replicate_layout 117:getting a list of all footprints on board
12-20 14:36:52 com_github_MitjaNemec_ReplicateLayout.action_replicate_layout 468:source anchor footprint is 'J5'
Located on: ['Charger 1']
With filenames: ['Chargers.kicad_sch']
With sheet_id:['Charger 1']
12-20 14:36:52 com_github_MitjaNemec_ReplicateLayout.action_replicate_layout 475:Corresponding footprints are 
[('J23', ['Charger 10']), ('J21', ['Charger 9']), ('J19', ['Charger 8']), ('J17', ['Charger 7']), ('J15', ['Charger 6']), ('J13', ['Charger 5']), ('J11', ['Charger 4']), ('J9', ['Charger 3']), ('J7', ['Charger 2']), ('J5', ['Charger 1'])]
12-20 14:36:52 com_github_MitjaNemec_ReplicateLayout.action_replicate_layout 487:Showing dialog
12-20 14:36:52 com_github_MitjaNemec_ReplicateLayout.replicate_layout 472:constructing a list of sheets suitable for replication on level:'Charger 1', file:'Chargers.kicad_sch'
12-20 14:36:52 com_github_MitjaNemec_ReplicateLayout.replicate_layout 509:suitable sheets are:[['Charger 10'], ['Charger 2'], ['Charger 3'], ['Charger 4'], ['Charger 5'], ['Charger 6'], ['Charger 7'], ['Charger 8'], ['Charger 9']]
12-20 14:36:53 com_github_MitjaNemec_ReplicateLayout.replicate_layout 1507:Level selected: ['Charger 1']
12-20 14:36:53 com_github_MitjaNemec_ReplicateLayout.replicate_layout 1331:Filtering list of tracks
12-20 14:36:53 com_github_MitjaNemec_ReplicateLayout.action_replicate_layout 493:Toolbar position: wx.Point(3705, -343)
12-20 14:36:53 com_github_MitjaNemec_ReplicateLayout.action_replicate_layout 498:Dialog position: wx.Point(3266, -343)
12-20 14:37:04 com_github_MitjaNemec_ReplicateLayout.replicate_layout 472:constructing a list of sheets suitable for replication on level:'Charger 1', file:'Chargers.kicad_sch'
12-20 14:37:04 com_github_MitjaNemec_ReplicateLayout.replicate_layout 509:suitable sheets are:[['Charger 10'], ['Charger 2'], ['Charger 3'], ['Charger 4'], ['Charger 5'], ['Charger 6'], ['Charger 7'], ['Charger 8'], ['Charger 9']]
12-20 14:37:04 com_github_MitjaNemec_ReplicateLayout.action_replicate_layout 240:Replicating layout
12-20 14:37:04 com_github_MitjaNemec_ReplicateLayout.replicate_layout 288:Starting replication of sheets: [['Charger 2'], ['Charger 3'], ['Charger 4']]
on level: ['Charger 1']
with tracks=True, zone=True, text=True, text=True, intersecting=False, remove=True, locked footprints=False, group_only=False
12-20 14:37:04 root 332:updating GUI message: 'Preparing for replication'
12-20 14:37:04 root 337:updating GUI with: 0
12-20 14:37:04 com_github_MitjaNemec_ReplicateLayout.replicate_layout 358:Getting the list of source footprints
12-20 14:37:04 com_github_MitjaNemec_ReplicateLayout.replicate_layout 368:Getting the list of all the remaining footprints
12-20 14:37:04 com_github_MitjaNemec_ReplicateLayout.replicate_layout 375:Getting source tracks
12-20 14:37:04 com_github_MitjaNemec_ReplicateLayout.replicate_layout 1331:Filtering list of tracks
12-20 14:37:04 com_github_MitjaNemec_ReplicateLayout.replicate_layout 379:Getting source zones
12-20 14:37:04 root 337:updating GUI with: 50
12-20 14:37:04 com_github_MitjaNemec_ReplicateLayout.replicate_layout 383:Getting source text items
12-20 14:37:04 com_github_MitjaNemec_ReplicateLayout.replicate_layout 387:Getting source drawing items
12-20 14:37:04 com_github_MitjaNemec_ReplicateLayout.replicate_layout 320:Removing tracks and zones, before footprint placement
12-20 14:37:04 root 332:updating GUI message: 'Removing zones and tracks'
12-20 14:37:04 com_github_MitjaNemec_ReplicateLayout.replicate_layout 1277:Remove bounding box top:95412500, bottom:108492500, Left:112637500, Right:125892500
12-20 14:37:04 com_github_MitjaNemec_ReplicateLayout.replicate_layout 1277:Remove bounding box top:95387500, bottom:108467500, Left:157487500, Right:170742500
12-20 14:37:04 com_github_MitjaNemec_ReplicateLayout.replicate_layout 1277:Remove bounding box top:95325000, bottom:108405000, Left:202275000, Right:215530000
12-20 14:37:04 root 332:updating GUI message: 'Replicating footprints'
12-20 14:37:04 com_github_MitjaNemec_ReplicateLayout.replicate_layout 861:Replicating footprints
12-20 14:37:04 com_github_MitjaNemec_ReplicateLayout.replicate_layout 868:Replicating footprints on sheet ['Charger 2']
12-20 14:37:04 com_github_MitjaNemec_ReplicateLayout.replicate_layout 985:Src text UUid:be72a5d5-a025-4825-84ce-0fc480f0008e
12-20 14:37:04 com_github_MitjaNemec_ReplicateLayout.replicate_layout 986:Dst text UUid:47dd51ae-0f9e-454f-b01a-674ae5830e06
12-20 14:37:04 com_github_MitjaNemec_ReplicateLayout.replicate_layout 985:Src text UUid:bd2e57cf-6851-403a-9595-69134af5d64e
12-20 14:37:04 com_github_MitjaNemec_ReplicateLayout.replicate_layout 986:Dst text UUid:72aad05d-3c49-439b-b5e3-aa3d0178bfbd
12-20 14:37:04 com_github_MitjaNemec_ReplicateLayout.replicate_layout 985:Src text UUid:33a2d55d-d4cf-4497-9c9b-efbfe95d161b
12-20 14:37:04 com_github_MitjaNemec_ReplicateLayout.replicate_layout 986:Dst text UUid:ad1d5150-d1b7-4aa1-89d4-76bcd834e4ba
12-20 14:37:04 com_github_MitjaNemec_ReplicateLayout.replicate_layout 985:Src text UUid:342b6945-2f8c-4205-8f97-cccff16deb3b
12-20 14:37:04 com_github_MitjaNemec_ReplicateLayout.replicate_layout 986:Dst text UUid:16ed5e29-94ab-4f3c-a702-c9f96cf50b70
12-20 14:37:04 com_github_MitjaNemec_ReplicateLayout.replicate_layout 985:Src text UUid:fdb3f62f-77a2-4e7d-a215-42ae09ec4de6
12-20 14:37:04 com_github_MitjaNemec_ReplicateLayout.replicate_layout 986:Dst text UUid:166f4ba7-4008-44c6-ad07-81c591ecfc7b
12-20 14:37:04 com_github_MitjaNemec_ReplicateLayout.replicate_layout 985:Src text UUid:e62f9896-78a7-401a-a702-4d972ddc7e81
12-20 14:37:04 com_github_MitjaNemec_ReplicateLayout.replicate_layout 986:Dst text UUid:86c30f4f-ec2a-4108-b892-a1be2081da02
12-20 14:37:04 com_github_MitjaNemec_ReplicateLayout.replicate_layout 985:Src text UUid:4235b4b0-5585-4f1c-800d-7cd432ebfe26
12-20 14:37:04 com_github_MitjaNemec_ReplicateLayout.replicate_layout 986:Dst text UUid:4ddfb3e5-022b-46f3-9c52-b2d094e4582c
12-20 14:37:04 com_github_MitjaNemec_ReplicateLayout.replicate_layout 985:Src text UUid:8d99eb08-9fdd-4779-808a-d3a4e7ac3276
12-20 14:37:04 com_github_MitjaNemec_ReplicateLayout.replicate_layout 986:Dst text UUid:7005f100-f32d-48c9-9c73-74ecca31019d
12-20 14:37:04 com_github_MitjaNemec_ReplicateLayout.replicate_layout 985:Src text UUid:86b3c31c-ae57-4ab0-8bb5-9faf7521a290
12-20 14:37:04 com_github_MitjaNemec_ReplicateLayout.replicate_layout 986:Dst text UUid:8b91b41f-a401-493a-b5e8-b1ca36b94b85
12-20 14:37:04 com_github_MitjaNemec_ReplicateLayout.replicate_layout 985:Src text UUid:6f84989b-e97d-4739-ae5a-5e5382c3c906
12-20 14:37:04 com_github_MitjaNemec_ReplicateLayout.replicate_layout 986:Dst text UUid:52aa80b7-45dc-45b6-9cca-76f14c72bf18
12-20 14:37:04 com_github_MitjaNemec_ReplicateLayout.replicate_layout 985:Src text UUid:09fb91d3-aa17-46fe-a744-ed1f1e7e4b09
12-20 14:37:04 com_github_MitjaNemec_ReplicateLayout.replicate_layout 986:Dst text UUid:90c1a063-f663-4d97-913e-11bdaefc0ffd
12-20 14:37:04 com_github_MitjaNemec_ReplicateLayout.replicate_layout 985:Src text UUid:b821bada-fb96-46c8-af19-307ff729255f
12-20 14:37:04 com_github_MitjaNemec_ReplicateLayout.replicate_layout 986:Dst text UUid:6e457a43-cb5c-4b12-b123-3ce683d4dba1
12-20 14:37:04 com_github_MitjaNemec_ReplicateLayout.replicate_layout 985:Src text UUid:cdd4e50c-a88f-4217-a684-c9b743fcca96
12-20 14:37:04 com_github_MitjaNemec_ReplicateLayout.replicate_layout 986:Dst text UUid:a2f31ec1-1f29-40fa-a41f-1962f7c0ad54
12-20 14:37:04 com_github_MitjaNemec_ReplicateLayout.replicate_layout 985:Src text UUid:e8171428-0da4-4aa5-944f-8c721f3ac9e7
12-20 14:37:04 com_github_MitjaNemec_ReplicateLayout.replicate_layout 986:Dst text UUid:270b89d7-a641-4053-9c60-1f8fa4974fd5
12-20 14:37:04 com_github_MitjaNemec_ReplicateLayout.replicate_layout 985:Src text UUid:6a32ec64-34cd-4631-a67a-1e599f16bac7
12-20 14:37:04 com_github_MitjaNemec_ReplicateLayout.replicate_layout 986:Dst text UUid:7925deba-d1bd-465c-b24e-2a79758f29fe
12-20 14:37:04 com_github_MitjaNemec_ReplicateLayout.replicate_layout 985:Src text UUid:65f1f446-0783-4743-b3b2-e09c5faebe50
12-20 14:37:04 com_github_MitjaNemec_ReplicateLayout.replicate_layout 986:Dst text UUid:a6543651-0555-404c-909c-58487b5bf562
12-20 14:37:04 com_github_MitjaNemec_ReplicateLayout.replicate_layout 985:Src text UUid:a65a61be-470f-44f3-8e80-233ad281e117
12-20 14:37:04 com_github_MitjaNemec_ReplicateLayout.replicate_layout 986:Dst text UUid:a4558dbd-a52b-4113-8fb7-b1445e2f500c
12-20 14:37:04 com_github_MitjaNemec_ReplicateLayout.replicate_layout 985:Src text UUid:b5c93c99-2ae3-4a21-8779-c4c64421df50
12-20 14:37:04 com_github_MitjaNemec_ReplicateLayout.replicate_layout 986:Dst text UUid:1d6d0c74-3843-4525-883e-b7d1bf5fc70a
12-20 14:37:04 com_github_MitjaNemec_ReplicateLayout.replicate_layout 985:Src text UUid:bd01df54-e421-4a4a-a18e-15f45050176d
12-20 14:37:04 com_github_MitjaNemec_ReplicateLayout.replicate_layout 986:Dst text UUid:311c5ce2-b9f7-47fd-b32f-7d7fc0dcbcdc
12-20 14:37:04 com_github_MitjaNemec_ReplicateLayout.replicate_layout 985:Src text UUid:586b7cba-4346-41a5-9942-183a6b169226
12-20 14:37:04 com_github_MitjaNemec_ReplicateLayout.replicate_layout 986:Dst text UUid:3e04488a-27c9-478f-b327-54146fdf4f94
12-20 14:37:04 com_github_MitjaNemec_ReplicateLayout.replicate_layout 985:Src text UUid:9d8e2896-11cc-4fa6-b5d4-8d917d3dc728
12-20 14:37:04 com_github_MitjaNemec_ReplicateLayout.replicate_layout 986:Dst text UUid:45f3350a-2f39-4d9f-9539-6765f0f7ab3f
12-20 14:37:04 com_github_MitjaNemec_ReplicateLayout.replicate_layout 868:Replicating footprints on sheet ['Charger 3']
12-20 14:37:04 com_github_MitjaNemec_ReplicateLayout.replicate_layout 985:Src text UUid:be72a5d5-a025-4825-84ce-0fc480f0008e
12-20 14:37:04 com_github_MitjaNemec_ReplicateLayout.replicate_layout 986:Dst text UUid:f55a4d3e-2dc8-46aa-86dc-c76db381d3e9
12-20 14:37:04 com_github_MitjaNemec_ReplicateLayout.replicate_layout 985:Src text UUid:bd2e57cf-6851-403a-9595-69134af5d64e
12-20 14:37:04 com_github_MitjaNemec_ReplicateLayout.replicate_layout 986:Dst text UUid:6317392f-229a-44a6-b3e4-5d587ff9ff92
12-20 14:37:04 com_github_MitjaNemec_ReplicateLayout.replicate_layout 985:Src text UUid:33a2d55d-d4cf-4497-9c9b-efbfe95d161b
12-20 14:37:04 com_github_MitjaNemec_ReplicateLayout.replicate_layout 986:Dst text UUid:34c619a2-db3e-43b1-93ed-bca1863e5e88
12-20 14:37:04 com_github_MitjaNemec_ReplicateLayout.replicate_layout 985:Src text UUid:342b6945-2f8c-4205-8f97-cccff16deb3b
12-20 14:37:04 com_github_MitjaNemec_ReplicateLayout.replicate_layout 986:Dst text UUid:ca92e584-bc4d-4426-a4c7-a3cf8d70c40a
12-20 14:37:04 com_github_MitjaNemec_ReplicateLayout.replicate_layout 985:Src text UUid:fdb3f62f-77a2-4e7d-a215-42ae09ec4de6
12-20 14:37:04 com_github_MitjaNemec_ReplicateLayout.replicate_layout 986:Dst text UUid:243d8b6b-dd4e-4002-8e11-fd34eedc881e
12-20 14:37:04 com_github_MitjaNemec_ReplicateLayout.replicate_layout 985:Src text UUid:e62f9896-78a7-401a-a702-4d972ddc7e81
12-20 14:37:04 com_github_MitjaNemec_ReplicateLayout.replicate_layout 986:Dst text UUid:360ddf5b-640b-49c5-b966-3bdbd392b2ac
12-20 14:37:04 com_github_MitjaNemec_ReplicateLayout.replicate_layout 985:Src text UUid:4235b4b0-5585-4f1c-800d-7cd432ebfe26
12-20 14:37:04 com_github_MitjaNemec_ReplicateLayout.replicate_layout 986:Dst text UUid:f40ee4a6-19ba-4df8-8a07-66d262a497cd
12-20 14:37:04 com_github_MitjaNemec_ReplicateLayout.replicate_layout 985:Src text UUid:8d99eb08-9fdd-4779-808a-d3a4e7ac3276
12-20 14:37:04 com_github_MitjaNemec_ReplicateLayout.replicate_layout 986:Dst text UUid:cb0c22f8-cc6b-42fe-add2-d61f4465d7fe
12-20 14:37:04 com_github_MitjaNemec_ReplicateLayout.replicate_layout 985:Src text UUid:86b3c31c-ae57-4ab0-8bb5-9faf7521a290
12-20 14:37:04 com_github_MitjaNemec_ReplicateLayout.replicate_layout 986:Dst text UUid:2339da57-3b15-4770-add7-cc1d1b1dc5a1
12-20 14:37:04 com_github_MitjaNemec_ReplicateLayout.replicate_layout 985:Src text UUid:6f84989b-e97d-4739-ae5a-5e5382c3c906
12-20 14:37:04 com_github_MitjaNemec_ReplicateLayout.replicate_layout 986:Dst text UUid:4f62cfd5-120b-43e5-a72f-2c0b6fe7cd24
12-20 14:37:04 com_github_MitjaNemec_ReplicateLayout.replicate_layout 985:Src text UUid:09fb91d3-aa17-46fe-a744-ed1f1e7e4b09
12-20 14:37:04 com_github_MitjaNemec_ReplicateLayout.replicate_layout 986:Dst text UUid:a9252bea-b34b-466e-a4bb-7bb8cc0bfd7d
12-20 14:37:04 com_github_MitjaNemec_ReplicateLayout.replicate_layout 985:Src text UUid:b821bada-fb96-46c8-af19-307ff729255f
12-20 14:37:04 com_github_MitjaNemec_ReplicateLayout.replicate_layout 986:Dst text UUid:01f2f1c0-2661-4d65-bb7f-b5545eab0a54
12-20 14:37:04 com_github_MitjaNemec_ReplicateLayout.replicate_layout 985:Src text UUid:cdd4e50c-a88f-4217-a684-c9b743fcca96
12-20 14:37:04 com_github_MitjaNemec_ReplicateLayout.replicate_layout 986:Dst text UUid:78dec3db-ed24-424d-845d-20bd61b6b563
12-20 14:37:04 com_github_MitjaNemec_ReplicateLayout.replicate_layout 985:Src text UUid:e8171428-0da4-4aa5-944f-8c721f3ac9e7
12-20 14:37:04 com_github_MitjaNemec_ReplicateLayout.replicate_layout 986:Dst text UUid:8c0dc07d-3cad-487b-831c-5e109b27ac97
12-20 14:37:04 com_github_MitjaNemec_ReplicateLayout.replicate_layout 985:Src text UUid:6a32ec64-34cd-4631-a67a-1e599f16bac7
12-20 14:37:04 com_github_MitjaNemec_ReplicateLayout.replicate_layout 986:Dst text UUid:ef7dcb34-eabd-441e-9b4d-4dd84d05f8f5
12-20 14:37:04 com_github_MitjaNemec_ReplicateLayout.replicate_layout 985:Src text UUid:65f1f446-0783-4743-b3b2-e09c5faebe50
12-20 14:37:04 com_github_MitjaNemec_ReplicateLayout.replicate_layout 986:Dst text UUid:5c1725c0-4c9b-4fb0-b841-4082e43d88be
12-20 14:37:04 com_github_MitjaNemec_ReplicateLayout.replicate_layout 985:Src text UUid:a65a61be-470f-44f3-8e80-233ad281e117
12-20 14:37:04 com_github_MitjaNemec_ReplicateLayout.replicate_layout 986:Dst text UUid:eaf02450-bdad-4fdc-ba1d-6b0c9daa9cbd
12-20 14:37:04 com_github_MitjaNemec_ReplicateLayout.replicate_layout 985:Src text UUid:b5c93c99-2ae3-4a21-8779-c4c64421df50
12-20 14:37:04 com_github_MitjaNemec_ReplicateLayout.replicate_layout 986:Dst text UUid:1970df7e-b08b-47a7-bfd2-d7395ec71cc5
12-20 14:37:04 com_github_MitjaNemec_ReplicateLayout.replicate_layout 985:Src text UUid:bd01df54-e421-4a4a-a18e-15f45050176d
12-20 14:37:04 com_github_MitjaNemec_ReplicateLayout.replicate_layout 986:Dst text UUid:3604571d-496d-4a34-854b-a8ff6efa66b6
12-20 14:37:04 com_github_MitjaNemec_ReplicateLayout.replicate_layout 985:Src text UUid:586b7cba-4346-41a5-9942-183a6b169226
12-20 14:37:04 com_github_MitjaNemec_ReplicateLayout.replicate_layout 986:Dst text UUid:cca2c183-86cc-4278-a85b-e5282b690557
12-20 14:37:04 com_github_MitjaNemec_ReplicateLayout.replicate_layout 985:Src text UUid:9d8e2896-11cc-4fa6-b5d4-8d917d3dc728
12-20 14:37:04 com_github_MitjaNemec_ReplicateLayout.replicate_layout 986:Dst text UUid:5c4a389c-5985-462a-afc4-70731e7fd62d
12-20 14:37:04 com_github_MitjaNemec_ReplicateLayout.replicate_layout 868:Replicating footprints on sheet ['Charger 4']
12-20 14:37:04 com_github_MitjaNemec_ReplicateLayout.replicate_layout 985:Src text UUid:be72a5d5-a025-4825-84ce-0fc480f0008e
12-20 14:37:04 com_github_MitjaNemec_ReplicateLayout.replicate_layout 986:Dst text UUid:c4b83c19-7926-4b74-a728-805dab7a4b79
12-20 14:37:04 com_github_MitjaNemec_ReplicateLayout.replicate_layout 985:Src text UUid:bd2e57cf-6851-403a-9595-69134af5d64e
12-20 14:37:04 com_github_MitjaNemec_ReplicateLayout.replicate_layout 986:Dst text UUid:1c149b2c-beb9-48dd-bd35-12426e105e94
12-20 14:37:04 com_github_MitjaNemec_ReplicateLayout.replicate_layout 985:Src text UUid:33a2d55d-d4cf-4497-9c9b-efbfe95d161b
12-20 14:37:04 com_github_MitjaNemec_ReplicateLayout.replicate_layout 986:Dst text UUid:a908be52-a3d2-49aa-82af-92c36e106a14
12-20 14:37:04 com_github_MitjaNemec_ReplicateLayout.replicate_layout 985:Src text UUid:342b6945-2f8c-4205-8f97-cccff16deb3b
12-20 14:37:04 com_github_MitjaNemec_ReplicateLayout.replicate_layout 986:Dst text UUid:5b78cb6f-a963-4c00-8a5b-974ae8dc5c74
12-20 14:37:04 com_github_MitjaNemec_ReplicateLayout.replicate_layout 985:Src text UUid:fdb3f62f-77a2-4e7d-a215-42ae09ec4de6
12-20 14:37:04 com_github_MitjaNemec_ReplicateLayout.replicate_layout 986:Dst text UUid:88cf90f2-8914-4b1b-a131-55d36627e130
12-20 14:37:04 com_github_MitjaNemec_ReplicateLayout.replicate_layout 985:Src text UUid:e62f9896-78a7-401a-a702-4d972ddc7e81
12-20 14:37:04 com_github_MitjaNemec_ReplicateLayout.replicate_layout 986:Dst text UUid:456c5208-b063-46fb-b470-e4a4b6811865
12-20 14:37:04 com_github_MitjaNemec_ReplicateLayout.replicate_layout 985:Src text UUid:4235b4b0-5585-4f1c-800d-7cd432ebfe26
12-20 14:37:04 com_github_MitjaNemec_ReplicateLayout.replicate_layout 986:Dst text UUid:45ae5c93-5f28-4d00-9e2e-1aa30f5d8078
12-20 14:37:04 com_github_MitjaNemec_ReplicateLayout.replicate_layout 985:Src text UUid:8d99eb08-9fdd-4779-808a-d3a4e7ac3276
12-20 14:37:04 com_github_MitjaNemec_ReplicateLayout.replicate_layout 986:Dst text UUid:3fb00f63-abad-49f4-9b2a-12c48381b04e
12-20 14:37:04 com_github_MitjaNemec_ReplicateLayout.replicate_layout 985:Src text UUid:86b3c31c-ae57-4ab0-8bb5-9faf7521a290
12-20 14:37:04 com_github_MitjaNemec_ReplicateLayout.replicate_layout 986:Dst text UUid:61cfa277-ef82-4514-ad0a-e37ad2a86cb1
12-20 14:37:04 com_github_MitjaNemec_ReplicateLayout.replicate_layout 985:Src text UUid:6f84989b-e97d-4739-ae5a-5e5382c3c906
12-20 14:37:04 com_github_MitjaNemec_ReplicateLayout.replicate_layout 986:Dst text UUid:a1e26ecf-ea07-412d-852a-f4da64190470
12-20 14:37:04 com_github_MitjaNemec_ReplicateLayout.replicate_layout 985:Src text UUid:09fb91d3-aa17-46fe-a744-ed1f1e7e4b09
12-20 14:37:04 com_github_MitjaNemec_ReplicateLayout.replicate_layout 986:Dst text UUid:a3841595-5bcf-49e4-9212-ff1f0a4cb50f
12-20 14:37:04 com_github_MitjaNemec_ReplicateLayout.replicate_layout 985:Src text UUid:b821bada-fb96-46c8-af19-307ff729255f
12-20 14:37:04 com_github_MitjaNemec_ReplicateLayout.replicate_layout 986:Dst text UUid:55b8f8ff-747d-447b-bdb4-03be70357351
12-20 14:37:04 com_github_MitjaNemec_ReplicateLayout.replicate_layout 985:Src text UUid:cdd4e50c-a88f-4217-a684-c9b743fcca96
12-20 14:37:04 com_github_MitjaNemec_ReplicateLayout.replicate_layout 986:Dst text UUid:b0cc77f7-4b7c-4d6b-a6cc-49e585ac78ac
12-20 14:37:04 com_github_MitjaNemec_ReplicateLayout.replicate_layout 985:Src text UUid:e8171428-0da4-4aa5-944f-8c721f3ac9e7
12-20 14:37:04 com_github_MitjaNemec_ReplicateLayout.replicate_layout 986:Dst text UUid:7571bda1-2aed-489d-805b-133c00bbc28b
12-20 14:37:04 com_github_MitjaNemec_ReplicateLayout.replicate_layout 985:Src text UUid:6a32ec64-34cd-4631-a67a-1e599f16bac7
12-20 14:37:04 com_github_MitjaNemec_ReplicateLayout.replicate_layout 986:Dst text UUid:afba7b15-449c-4f61-b5e9-efd3609b1586
12-20 14:37:04 com_github_MitjaNemec_ReplicateLayout.replicate_layout 985:Src text UUid:65f1f446-0783-4743-b3b2-e09c5faebe50
12-20 14:37:04 com_github_MitjaNemec_ReplicateLayout.replicate_layout 986:Dst text UUid:e92fe365-bd51-4757-966b-1af4ccc8f1db
12-20 14:37:04 com_github_MitjaNemec_ReplicateLayout.replicate_layout 985:Src text UUid:a65a61be-470f-44f3-8e80-233ad281e117
12-20 14:37:04 com_github_MitjaNemec_ReplicateLayout.replicate_layout 986:Dst text UUid:8ca35974-9946-499f-8ec5-5a50b14e239d
12-20 14:37:04 com_github_MitjaNemec_ReplicateLayout.replicate_layout 985:Src text UUid:b5c93c99-2ae3-4a21-8779-c4c64421df50
12-20 14:37:04 com_github_MitjaNemec_ReplicateLayout.replicate_layout 986:Dst text UUid:bcc30347-89d1-4e57-9f97-e0c9ee842efc
12-20 14:37:04 com_github_MitjaNemec_ReplicateLayout.replicate_layout 985:Src text UUid:bd01df54-e421-4a4a-a18e-15f45050176d
12-20 14:37:04 com_github_MitjaNemec_ReplicateLayout.replicate_layout 986:Dst text UUid:d498ba82-2632-4943-92ab-8577205068a1
12-20 14:37:04 com_github_MitjaNemec_ReplicateLayout.replicate_layout 985:Src text UUid:586b7cba-4346-41a5-9942-183a6b169226
12-20 14:37:04 com_github_MitjaNemec_ReplicateLayout.replicate_layout 986:Dst text UUid:3981c1cb-843c-42ac-95c0-57f266e4787a
12-20 14:37:04 com_github_MitjaNemec_ReplicateLayout.replicate_layout 985:Src text UUid:9d8e2896-11cc-4fa6-b5d4-8d917d3dc728
12-20 14:37:04 com_github_MitjaNemec_ReplicateLayout.replicate_layout 986:Dst text UUid:a90a3d3e-de56-4178-94c0-2b3f1a04a8f2
12-20 14:37:04 com_github_MitjaNemec_ReplicateLayout.replicate_layout 328:Removing tracks and zones, after footprint placement
12-20 14:37:04 root 332:updating GUI message: 'Removing zones and tracks'
12-20 14:37:04 root 337:updating GUI with: 0
12-20 14:37:04 com_github_MitjaNemec_ReplicateLayout.replicate_layout 1277:Remove bounding box top:95412500, bottom:108612500, Left:109967500, Right:122427500
12-20 14:37:04 com_github_MitjaNemec_ReplicateLayout.replicate_layout 1277:Remove bounding box top:95387500, bottom:108587500, Left:154817500, Right:167277500
12-20 14:37:04 com_github_MitjaNemec_ReplicateLayout.replicate_layout 1277:Remove bounding box top:95325000, bottom:108525000, Left:199605000, Right:212065000
12-20 14:37:04 root 332:updating GUI message: 'Replicating tracks'
12-20 14:37:04 com_github_MitjaNemec_ReplicateLayout.replicate_layout 1009:Replicating tracks
12-20 14:37:04 com_github_MitjaNemec_ReplicateLayout.replicate_layout 1015:Replicating tracks on sheet ['Charger 2']
12-20 14:37:04 com_github_MitjaNemec_ReplicateLayout.replicate_layout 792:Net pairs for sheet ['Charger 2'] :[('Net-(D2-K)', 'Net-(D4-K)'), ('GND', 'GND'), ('Net-(J4-Pin_1)', 'Net-(J6-Pin_1)'), ('Net-(D2-A)', 'Net-(D4-A)'), ('Net-(U1-~{CHRG})', 'Net-(U2-~{CHRG})'), ('Net-(U1-PROG)', 'Net-(U2-PROG)'), ('VBUS', 'VBUS')]
12-20 14:37:04 com_github_MitjaNemec_ReplicateLayout.replicate_layout 1015:Replicating tracks on sheet ['Charger 3']
12-20 14:37:04 com_github_MitjaNemec_ReplicateLayout.replicate_layout 792:Net pairs for sheet ['Charger 3'] :[('GND', 'GND'), ('Net-(J4-Pin_1)', 'Net-(J8-Pin_1)'), ('Net-(D2-A)', 'Net-(D5-A)'), ('Net-(U1-PROG)', 'Net-(U3-PROG)'), ('Net-(D2-K)', 'Net-(D5-K)'), ('Net-(U1-~{CHRG})', 'Net-(U3-~{CHRG})'), ('VBUS', 'VBUS')]
12-20 14:37:04 com_github_MitjaNemec_ReplicateLayout.replicate_layout 1015:Replicating tracks on sheet ['Charger 4']
12-20 14:37:04 com_github_MitjaNemec_ReplicateLayout.replicate_layout 792:Net pairs for sheet ['Charger 4'] :[('Net-(D2-K)', 'Net-(D6-K)'), ('GND', 'GND'), ('Net-(U1-PROG)', 'Net-(U4-PROG)'), ('Net-(U1-~{CHRG})', 'Net-(U4-~{CHRG})'), ('Net-(D2-A)', 'Net-(D6-A)'), ('Net-(J4-Pin_1)', 'Net-(J10-Pin_1)'), ('VBUS', 'VBUS')]
12-20 14:37:04 root 332:updating GUI message: 'Replicating zones'
12-20 14:37:04 com_github_MitjaNemec_ReplicateLayout.replicate_layout 1079:Replicating zones
12-20 14:37:04 com_github_MitjaNemec_ReplicateLayout.replicate_layout 1086:Replicating zones on sheet ['Charger 2']
12-20 14:37:04 com_github_MitjaNemec_ReplicateLayout.replicate_layout 792:Net pairs for sheet ['Charger 2'] :[('Net-(D2-K)', 'Net-(D4-K)'), ('GND', 'GND'), ('Net-(J4-Pin_1)', 'Net-(J6-Pin_1)'), ('Net-(D2-A)', 'Net-(D4-A)'), ('Net-(U1-~{CHRG})', 'Net-(U2-~{CHRG})'), ('Net-(U1-PROG)', 'Net-(U2-PROG)'), ('VBUS', 'VBUS')]
12-20 14:37:04 com_github_MitjaNemec_ReplicateLayout.replicate_layout 1086:Replicating zones on sheet ['Charger 3']
12-20 14:37:04 com_github_MitjaNemec_ReplicateLayout.replicate_layout 792:Net pairs for sheet ['Charger 3'] :[('GND', 'GND'), ('Net-(J4-Pin_1)', 'Net-(J8-Pin_1)'), ('Net-(D2-A)', 'Net-(D5-A)'), ('Net-(U1-PROG)', 'Net-(U3-PROG)'), ('Net-(D2-K)', 'Net-(D5-K)'), ('Net-(U1-~{CHRG})', 'Net-(U3-~{CHRG})'), ('VBUS', 'VBUS')]
12-20 14:37:04 com_github_MitjaNemec_ReplicateLayout.replicate_layout 1086:Replicating zones on sheet ['Charger 4']
12-20 14:37:04 com_github_MitjaNemec_ReplicateLayout.replicate_layout 792:Net pairs for sheet ['Charger 4'] :[('Net-(D2-K)', 'Net-(D6-K)'), ('GND', 'GND'), ('Net-(U1-PROG)', 'Net-(U4-PROG)'), ('Net-(U1-~{CHRG})', 'Net-(U4-~{CHRG})'), ('Net-(D2-A)', 'Net-(D6-A)'), ('Net-(J4-Pin_1)', 'Net-(J10-Pin_1)'), ('VBUS', 'VBUS')]
12-20 14:37:04 root 332:updating GUI message: 'Replicating text'
12-20 14:37:04 com_github_MitjaNemec_ReplicateLayout.replicate_layout 1168:Replicating text
12-20 14:37:04 com_github_MitjaNemec_ReplicateLayout.replicate_layout 1175:Replicating text on sheet ['Charger 2']
12-20 14:37:04 com_github_MitjaNemec_ReplicateLayout.replicate_layout 1175:Replicating text on sheet ['Charger 3']
12-20 14:37:04 com_github_MitjaNemec_ReplicateLayout.replicate_layout 1175:Replicating text on sheet ['Charger 4']
12-20 14:37:04 root 332:updating GUI message: 'Replicating drawings'
12-20 14:37:04 com_github_MitjaNemec_ReplicateLayout.replicate_layout 1219:Replicating drawings
12-20 14:37:04 com_github_MitjaNemec_ReplicateLayout.replicate_layout 1225:Replicating drawings on sheet ['Charger 2']
12-20 14:37:04 com_github_MitjaNemec_ReplicateLayout.replicate_layout 1225:Replicating drawings on sheet ['Charger 3']
12-20 14:37:04 com_github_MitjaNemec_ReplicateLayout.replicate_layout 1225:Replicating drawings on sheet ['Charger 4']
12-20 14:37:05 com_github_MitjaNemec_ReplicateLayout.action_replicate_layout 256:Replication complete
